<!doctype html>
<html lang="">
<head>
    <meta charset="UTF-8">
    <meta name="viewport"
          content="width=device-width, user-scalable=no, initial-scale=1.0, maximum-scale=1.0, minimum-scale=1.0">
    <meta http-equiv="X-UA-Compatible" content="ie=edge">
    <title>Test Results Report - Test</title>

    <link href="reportng.css" rel="stylesheet" type="text/css"/>
</head>
<body>
<div id="meta">
Generated by <a href="http://www.testng.org" target="_blank">TestNG</a> with <a href="https://github.com/testng-team/reportng" target="_blank">ReportNG</a>
at 20:20 IST on Tuesday 24 August 2021
    <br/><span
    id="systemInfo">lenovo@DESKTOP-OMMHC59&nbsp;/&nbsp;Java 1.8.0_281 (Oracle Corporation)&nbsp;/&nbsp;Windows 10 10.0 (amd64)</span>
</div>
<h1>Test</h1>

<p>
    <a href="index.html">Suites</a>
        &#183; <a href="output.html">Log Output</a>
</p>

<p>Test duration
    : -3259633467.383s</p>

    <table class="resultsTable configTable">
        <tr>
            <th class="header failedConfig"
                colspan="3">Failed Configuration</th>
        </tr>
            <tr class="group">
                <td colspan="3">com.qa.orangeHRM.testcases.LoginTest</td>
            </tr>
    <tr>
        <td class="method">
                beforeMethod
        </td>
        <td class="duration">
            182.370s
        </td>
        <td class="result">
            <!-- Display the dependencies for skipped test methods -->

                <i>Method arguments: </i>
                <span class="arguments">
                    "Chrome", public void com.qa.orangeHRM.testcases.LoginTest.VerifyLoginFunctionality() throws java.io.IOException
                </span>
                <br/>

            <!-- Show logger output for the test -->

                <a href="javascript:toggleElement('exception-0', 'block')"
                   title="Click to expand/collapse">
                    <b>org.openqa.selenium.SessionNotCreatedException: Could not start a new session. Possible causes are invalid address of the remote server or browser start-up failure.<br/>
Build info: version: &apos;4.0.0-beta-2&apos;, revision: &apos;4ec0cfc112&apos;<br/>
System info: host: &apos;DESKTOP-OMMHC59&apos;, ip: &apos;192.168.16.1&apos;, os.name: &apos;Windows 10&apos;, os.arch: &apos;amd64&apos;, os.version: &apos;10.0&apos;, java.version: &apos;1.8.0_281&apos;<br/>
Driver info: org.openqa.selenium.remote.RemoteWebDriver<br/>
Command: [null, newSession {desiredCapabilities=Capabilities {browserName: chrome, platform: WINDOWS}}]<br/>
Capabilities {}</b>
                </a>
                <br/>
                <div class="stackTrace" id="exception-0">
                        org.openqa.selenium.remote.RemoteWebDriver.execute(RemoteWebDriver.java:638)<br/>
                        org.openqa.selenium.remote.RemoteWebDriver.startSession(RemoteWebDriver.java:252)<br/>
                        org.openqa.selenium.remote.RemoteWebDriver.&lt;init&gt;(RemoteWebDriver.java:174)<br/>
                        org.openqa.selenium.remote.RemoteWebDriver.&lt;init&gt;(RemoteWebDriver.java:152)<br/>
                        com.qa.orangeHRM.common.base.beforeMethod(base.java:72)<br/>
                        sun.reflect.NativeMethodAccessorImpl.invoke0(Native Method)<br/>
                        sun.reflect.NativeMethodAccessorImpl.invoke(Unknown Source)<br/>
                        sun.reflect.DelegatingMethodAccessorImpl.invoke(Unknown Source)<br/>
                        java.lang.reflect.Method.invoke(Unknown Source)<br/>
                        org.testng.internal.MethodInvocationHelper.invokeMethod(MethodInvocationHelper.java:133)<br/>
                        org.testng.internal.MethodInvocationHelper.invokeMethodConsideringTimeout(MethodInvocationHelper.java:62)<br/>
                        org.testng.internal.ConfigInvoker.invokeConfigurationMethod(ConfigInvoker.java:385)<br/>
                        org.testng.internal.ConfigInvoker.invokeConfigurations(ConfigInvoker.java:321)<br/>
                        org.testng.internal.TestInvoker.runConfigMethods(TestInvoker.java:700)<br/>
                        org.testng.internal.TestInvoker.invokeMethod(TestInvoker.java:527)<br/>
                        org.testng.internal.TestInvoker.invokeTestMethod(TestInvoker.java:173)<br/>
                        org.testng.internal.MethodRunner.runInSequence(MethodRunner.java:46)<br/>
                        org.testng.internal.TestInvoker$MethodInvocationAgent.invoke(TestInvoker.java:824)<br/>
                        org.testng.internal.TestInvoker.invokeTestMethods(TestInvoker.java:146)<br/>
                        org.testng.internal.TestMethodWorker.invokeTestMethods(TestMethodWorker.java:146)<br/>
                        org.testng.internal.TestMethodWorker.run(TestMethodWorker.java:128)<br/>
                        java.util.ArrayList.forEach(Unknown Source)<br/>
                        org.testng.TestRunner.privateRun(TestRunner.java:794)<br/>
                        org.testng.TestRunner.run(TestRunner.java:596)<br/>
                        org.testng.SuiteRunner.runTest(SuiteRunner.java:377)<br/>
                        org.testng.SuiteRunner.runSequentially(SuiteRunner.java:371)<br/>
                        org.testng.SuiteRunner.privateRun(SuiteRunner.java:332)<br/>
                        org.testng.SuiteRunner.run(SuiteRunner.java:276)<br/>
                        org.testng.SuiteRunnerWorker.runSuite(SuiteRunnerWorker.java:53)<br/>
                        org.testng.SuiteRunnerWorker.run(SuiteRunnerWorker.java:96)<br/>
                        org.testng.TestNG.runSuitesSequentially(TestNG.java:1212)<br/>
                        org.testng.TestNG.runSuitesLocally(TestNG.java:1134)<br/>
                        org.testng.TestNG.runSuites(TestNG.java:1063)<br/>
                        org.testng.TestNG.run(TestNG.java:1031)<br/>
                        org.testng.remote.AbstractRemoteTestNG.run(AbstractRemoteTestNG.java:115)<br/>
                        org.testng.remote.RemoteTestNG.initAndRun(RemoteTestNG.java:251)<br/>
                        org.testng.remote.RemoteTestNG.main(RemoteTestNG.java:77)<br/>
                        <b>Caused by: </b>
                        <a href="javascript:toggleElement('exception-1', 'block')"
                           title="Click to expand/collapse">
                            java.lang.RuntimeException: NettyHttpHandler request execution error
                        </a>
                        <br/>
                        <div class="stackTrace" id="exception-1">
                                org.openqa.selenium.remote.http.netty.NettyHttpHandler.makeCall(NettyHttpHandler.java:82)<br/>
                                org.openqa.selenium.remote.http.AddSeleniumUserAgent.lambda$apply$0(AddSeleniumUserAgent.java:42)<br/>
                                org.openqa.selenium.remote.http.Filter.lambda$andFinally$1(Filter.java:56)<br/>
                                org.openqa.selenium.remote.http.netty.NettyHttpHandler.execute(NettyHttpHandler.java:51)<br/>
                                org.openqa.selenium.remote.http.AddSeleniumUserAgent.lambda$apply$0(AddSeleniumUserAgent.java:42)<br/>
                                org.openqa.selenium.remote.http.Filter.lambda$andFinally$1(Filter.java:56)<br/>
                                org.openqa.selenium.remote.http.netty.NettyClient.execute(NettyClient.java:103)<br/>
                                org.openqa.selenium.remote.tracing.TracedHttpClient.execute(TracedHttpClient.java:55)<br/>
                                org.openqa.selenium.remote.ProtocolHandshake.createSession(ProtocolHandshake.java:102)<br/>
                                org.openqa.selenium.remote.ProtocolHandshake.createSession(ProtocolHandshake.java:84)<br/>
                                org.openqa.selenium.remote.ProtocolHandshake.createSession(ProtocolHandshake.java:62)<br/>
                                org.openqa.selenium.remote.HttpCommandExecutor.execute(HttpCommandExecutor.java:159)<br/>
                                org.openqa.selenium.remote.TracedCommandExecutor.execute(TracedCommandExecutor.java:39)<br/>
                                org.openqa.selenium.remote.RemoteWebDriver.execute(RemoteWebDriver.java:620)<br/>
                                org.openqa.selenium.remote.RemoteWebDriver.startSession(RemoteWebDriver.java:252)<br/>
                                org.openqa.selenium.remote.RemoteWebDriver.&lt;init&gt;(RemoteWebDriver.java:174)<br/>
                                org.openqa.selenium.remote.RemoteWebDriver.&lt;init&gt;(RemoteWebDriver.java:152)<br/>
                                com.qa.orangeHRM.common.base.beforeMethod(base.java:72)<br/>
                                sun.reflect.NativeMethodAccessorImpl.invoke0(Native Method)<br/>
                                sun.reflect.NativeMethodAccessorImpl.invoke(Unknown Source)<br/>
                                sun.reflect.DelegatingMethodAccessorImpl.invoke(Unknown Source)<br/>
                                java.lang.reflect.Method.invoke(Unknown Source)<br/>
                                org.testng.internal.MethodInvocationHelper.invokeMethod(MethodInvocationHelper.java:133)<br/>
                                org.testng.internal.MethodInvocationHelper.invokeMethodConsideringTimeout(MethodInvocationHelper.java:62)<br/>
                                org.testng.internal.ConfigInvoker.invokeConfigurationMethod(ConfigInvoker.java:385)<br/>
                                org.testng.internal.ConfigInvoker.invokeConfigurations(ConfigInvoker.java:321)<br/>
                                org.testng.internal.TestInvoker.runConfigMethods(TestInvoker.java:700)<br/>
                                org.testng.internal.TestInvoker.invokeMethod(TestInvoker.java:527)<br/>
                                org.testng.internal.TestInvoker.invokeTestMethod(TestInvoker.java:173)<br/>
                                org.testng.internal.MethodRunner.runInSequence(MethodRunner.java:46)<br/>
                                org.testng.internal.TestInvoker$MethodInvocationAgent.invoke(TestInvoker.java:824)<br/>
                                org.testng.internal.TestInvoker.invokeTestMethods(TestInvoker.java:146)<br/>
                                org.testng.internal.TestMethodWorker.invokeTestMethods(TestMethodWorker.java:146)<br/>
                                org.testng.internal.TestMethodWorker.run(TestMethodWorker.java:128)<br/>
                                java.util.ArrayList.forEach(Unknown Source)<br/>
                                org.testng.TestRunner.privateRun(TestRunner.java:794)<br/>
                                org.testng.TestRunner.run(TestRunner.java:596)<br/>
                                org.testng.SuiteRunner.runTest(SuiteRunner.java:377)<br/>
                                org.testng.SuiteRunner.runSequentially(SuiteRunner.java:371)<br/>
                                org.testng.SuiteRunner.privateRun(SuiteRunner.java:332)<br/>
                                org.testng.SuiteRunner.run(SuiteRunner.java:276)<br/>
                                org.testng.SuiteRunnerWorker.runSuite(SuiteRunnerWorker.java:53)<br/>
                                org.testng.SuiteRunnerWorker.run(SuiteRunnerWorker.java:96)<br/>
                                org.testng.TestNG.runSuitesSequentially(TestNG.java:1212)<br/>
                                org.testng.TestNG.runSuitesLocally(TestNG.java:1134)<br/>
                                org.testng.TestNG.runSuites(TestNG.java:1063)<br/>
                                org.testng.TestNG.run(TestNG.java:1031)<br/>
                                org.testng.remote.AbstractRemoteTestNG.run(AbstractRemoteTestNG.java:115)<br/>
                                org.testng.remote.RemoteTestNG.initAndRun(RemoteTestNG.java:251)<br/>
                                org.testng.remote.RemoteTestNG.main(RemoteTestNG.java:77)<br/>
                        </div>
                        <b>Caused by: </b>
                        <a href="javascript:toggleElement('exception-2', 'block')"
                           title="Click to expand/collapse">
                            java.util.concurrent.ExecutionException: java.util.concurrent.TimeoutException: Request timeout to 192.168.1.21/192.168.1.21:4444 after 180000 ms
                        </a>
                        <br/>
                        <div class="stackTrace" id="exception-2">
                                java.util.concurrent.CompletableFuture.reportGet(Unknown Source)<br/>
                                java.util.concurrent.CompletableFuture.get(Unknown Source)<br/>
                                org.asynchttpclient.netty.NettyResponseFuture.get(NettyResponseFuture.java:206)<br/>
                                org.openqa.selenium.remote.http.netty.NettyHttpHandler.makeCall(NettyHttpHandler.java:65)<br/>
                                org.openqa.selenium.remote.http.AddSeleniumUserAgent.lambda$apply$0(AddSeleniumUserAgent.java:42)<br/>
                                org.openqa.selenium.remote.http.Filter.lambda$andFinally$1(Filter.java:56)<br/>
                                org.openqa.selenium.remote.http.netty.NettyHttpHandler.execute(NettyHttpHandler.java:51)<br/>
                                org.openqa.selenium.remote.http.AddSeleniumUserAgent.lambda$apply$0(AddSeleniumUserAgent.java:42)<br/>
                                org.openqa.selenium.remote.http.Filter.lambda$andFinally$1(Filter.java:56)<br/>
                                org.openqa.selenium.remote.http.netty.NettyClient.execute(NettyClient.java:103)<br/>
                                org.openqa.selenium.remote.tracing.TracedHttpClient.execute(TracedHttpClient.java:55)<br/>
                                org.openqa.selenium.remote.ProtocolHandshake.createSession(ProtocolHandshake.java:102)<br/>
                                org.openqa.selenium.remote.ProtocolHandshake.createSession(ProtocolHandshake.java:84)<br/>
                                org.openqa.selenium.remote.ProtocolHandshake.createSession(ProtocolHandshake.java:62)<br/>
                                org.openqa.selenium.remote.HttpCommandExecutor.execute(HttpCommandExecutor.java:159)<br/>
                                org.openqa.selenium.remote.TracedCommandExecutor.execute(TracedCommandExecutor.java:39)<br/>
                                org.openqa.selenium.remote.RemoteWebDriver.execute(RemoteWebDriver.java:620)<br/>
                                org.openqa.selenium.remote.RemoteWebDriver.startSession(RemoteWebDriver.java:252)<br/>
                                org.openqa.selenium.remote.RemoteWebDriver.&lt;init&gt;(RemoteWebDriver.java:174)<br/>
                                org.openqa.selenium.remote.RemoteWebDriver.&lt;init&gt;(RemoteWebDriver.java:152)<br/>
                                com.qa.orangeHRM.common.base.beforeMethod(base.java:72)<br/>
                                sun.reflect.NativeMethodAccessorImpl.invoke0(Native Method)<br/>
                                sun.reflect.NativeMethodAccessorImpl.invoke(Unknown Source)<br/>
                                sun.reflect.DelegatingMethodAccessorImpl.invoke(Unknown Source)<br/>
                                java.lang.reflect.Method.invoke(Unknown Source)<br/>
                                org.testng.internal.MethodInvocationHelper.invokeMethod(MethodInvocationHelper.java:133)<br/>
                                org.testng.internal.MethodInvocationHelper.invokeMethodConsideringTimeout(MethodInvocationHelper.java:62)<br/>
                                org.testng.internal.ConfigInvoker.invokeConfigurationMethod(ConfigInvoker.java:385)<br/>
                                org.testng.internal.ConfigInvoker.invokeConfigurations(ConfigInvoker.java:321)<br/>
                                org.testng.internal.TestInvoker.runConfigMethods(TestInvoker.java:700)<br/>
                                org.testng.internal.TestInvoker.invokeMethod(TestInvoker.java:527)<br/>
                                org.testng.internal.TestInvoker.invokeTestMethod(TestInvoker.java:173)<br/>
                                org.testng.internal.MethodRunner.runInSequence(MethodRunner.java:46)<br/>
                                org.testng.internal.TestInvoker$MethodInvocationAgent.invoke(TestInvoker.java:824)<br/>
                                org.testng.internal.TestInvoker.invokeTestMethods(TestInvoker.java:146)<br/>
                                org.testng.internal.TestMethodWorker.invokeTestMethods(TestMethodWorker.java:146)<br/>
                                org.testng.internal.TestMethodWorker.run(TestMethodWorker.java:128)<br/>
                                java.util.ArrayList.forEach(Unknown Source)<br/>
                                org.testng.TestRunner.privateRun(TestRunner.java:794)<br/>
                                org.testng.TestRunner.run(TestRunner.java:596)<br/>
                                org.testng.SuiteRunner.runTest(SuiteRunner.java:377)<br/>
                                org.testng.SuiteRunner.runSequentially(SuiteRunner.java:371)<br/>
                                org.testng.SuiteRunner.privateRun(SuiteRunner.java:332)<br/>
                                org.testng.SuiteRunner.run(SuiteRunner.java:276)<br/>
                                org.testng.SuiteRunnerWorker.runSuite(SuiteRunnerWorker.java:53)<br/>
                                org.testng.SuiteRunnerWorker.run(SuiteRunnerWorker.java:96)<br/>
                                org.testng.TestNG.runSuitesSequentially(TestNG.java:1212)<br/>
                                org.testng.TestNG.runSuitesLocally(TestNG.java:1134)<br/>
                                org.testng.TestNG.runSuites(TestNG.java:1063)<br/>
                                org.testng.TestNG.run(TestNG.java:1031)<br/>
                                org.testng.remote.AbstractRemoteTestNG.run(AbstractRemoteTestNG.java:115)<br/>
                                org.testng.remote.RemoteTestNG.initAndRun(RemoteTestNG.java:251)<br/>
                                org.testng.remote.RemoteTestNG.main(RemoteTestNG.java:77)<br/>
                        </div>
                        <b>Caused by: </b>
                        <a href="javascript:toggleElement('exception-3', 'block')"
                           title="Click to expand/collapse">
                            java.util.concurrent.TimeoutException: Request timeout to 192.168.1.21/192.168.1.21:4444 after 180000 ms
                        </a>
                        <br/>
                        <div class="stackTrace" id="exception-3">
                                org.asynchttpclient.netty.timeout.TimeoutTimerTask.expire(TimeoutTimerTask.java:43)<br/>
                                org.asynchttpclient.netty.timeout.RequestTimeoutTimerTask.run(RequestTimeoutTimerTask.java:50)<br/>
                                io.netty.util.HashedWheelTimer$HashedWheelTimeout.expire(HashedWheelTimer.java:672)<br/>
                                io.netty.util.HashedWheelTimer$HashedWheelBucket.expireTimeouts(HashedWheelTimer.java:747)<br/>
                                io.netty.util.HashedWheelTimer$Worker.run(HashedWheelTimer.java:472)<br/>
                                io.netty.util.concurrent.FastThreadLocalRunnable.run(FastThreadLocalRunnable.java:30)<br/>
                                java.lang.Thread.run(Unknown Source)<br/>
                        </div>
                </div>
        </td>
    </tr>

            <tr>
                <td colspan="3">&nbsp;</td>
            </tr>
            <tr>
                <td colspan="3"
                    class="header skippedConfig">Skipped Configuration</td>
            </tr>
                <tr class="group">
                    <td colspan="3">com.qa.orangeHRM.testcases.LoginTest</td>
                </tr>
    <tr>
        <td class="method">
                afterClass
        </td>
        <td class="duration">
            -1629816825.566s
        </td>
        <td class="result">
            <!-- Display the dependencies for skipped test methods -->




            <!-- Show logger output for the test -->

        </td>
    </tr>
    <tr>
        <td class="method">
                afterMethod
        </td>
        <td class="duration">
            -1629816825.557s
        </td>
        <td class="result">
            <!-- Display the dependencies for skipped test methods -->




            <!-- Show logger output for the test -->

        </td>
    </tr>
    </table>


    <table class="resultsTable" width="100%">
        <tr>
            <th colspan="3" class="header skipped">Skipped Tests</th>
        </tr>
            <tr>
                <td class="group" colspan="3">com.qa.orangeHRM.testcases.LoginTest</td>
            </tr>
    <tr>
        <td class="method">
                VerifyLoginFunctionality
        </td>
        <td class="duration">
            0.000s
        </td>
        <td class="result">
            <!-- Display the dependencies for skipped test methods -->




            <!-- Show logger output for the test -->

        </td>
    </tr>
    </table>


<script type="text/javascript" src="reportng.js"></script>
</body>
