<?xml version="1.0" encoding="UTF-8"?>
<testsuite name="Test"
           tests="4"
           failures="1"
           errors="0"
           skipped="3"
           time="-3259633468.753">
    <properties></properties>

            <testcase
                name="beforeMethod"
                time="182.370"
                classname="com.qa.orangeHRM.testcases.LoginTest">

            <failure type="org.openqa.selenium.SessionNotCreatedException" message="Could not start a new session. Possible causes are invalid address of the remote server or browser start-up failure.
Build info: version: &apos;4.0.0-beta-2&apos;, revision: &apos;4ec0cfc112&apos;
System info: host: &apos;DESKTOP-OMMHC59&apos;, ip: &apos;192.168.16.1&apos;, os.name: &apos;Windows 10&apos;, os.arch: &apos;amd64&apos;, os.version: &apos;10.0&apos;, java.version: &apos;1.8.0_281&apos;
Driver info: org.openqa.selenium.remote.RemoteWebDriver
Command: [null, newSession {desiredCapabilities=Capabilities {browserName: chrome, platform: WINDOWS}}]
Capabilities {}">
                <![CDATA[org.openqa.selenium.SessionNotCreatedException: Could not start a new session. Possible causes are invalid address of the remote server or browser start-up failure.
Build info: version: '4.0.0-beta-2', revision: '4ec0cfc112'
System info: host: 'DESKTOP-OMMHC59', ip: '192.168.16.1', os.name: 'Windows 10', os.arch: 'amd64', os.version: '10.0', java.version: '1.8.0_281'
Driver info: org.openqa.selenium.remote.RemoteWebDriver
Command: [null, newSession {desiredCapabilities=Capabilities {browserName: chrome, platform: WINDOWS}}]
Capabilities {}
                org.openqa.selenium.remote.RemoteWebDriver.execute(RemoteWebDriver.java:638)org.openqa.selenium.remote.RemoteWebDriver.startSession(RemoteWebDriver.java:252)org.openqa.selenium.remote.RemoteWebDriver.<init>(RemoteWebDriver.java:174)org.openqa.selenium.remote.RemoteWebDriver.<init>(RemoteWebDriver.java:152)com.qa.orangeHRM.common.base.beforeMethod(base.java:72)sun.reflect.NativeMethodAccessorImpl.invoke0(Native Method)sun.reflect.NativeMethodAccessorImpl.invoke(Unknown Source)sun.reflect.DelegatingMethodAccessorImpl.invoke(Unknown Source)java.lang.reflect.Method.invoke(Unknown Source)org.testng.internal.MethodInvocationHelper.invokeMethod(MethodInvocationHelper.java:133)org.testng.internal.MethodInvocationHelper.invokeMethodConsideringTimeout(MethodInvocationHelper.java:62)org.testng.internal.ConfigInvoker.invokeConfigurationMethod(ConfigInvoker.java:385)org.testng.internal.ConfigInvoker.invokeConfigurations(ConfigInvoker.java:321)org.testng.internal.TestInvoker.runConfigMethods(TestInvoker.java:700)org.testng.internal.TestInvoker.invokeMethod(TestInvoker.java:527)org.testng.internal.TestInvoker.invokeTestMethod(TestInvoker.java:173)org.testng.internal.MethodRunner.runInSequence(MethodRunner.java:46)org.testng.internal.TestInvoker$MethodInvocationAgent.invoke(TestInvoker.java:824)org.testng.internal.TestInvoker.invokeTestMethods(TestInvoker.java:146)org.testng.internal.TestMethodWorker.invokeTestMethods(TestMethodWorker.java:146)org.testng.internal.TestMethodWorker.run(TestMethodWorker.java:128)java.util.ArrayList.forEach(Unknown Source)org.testng.TestRunner.privateRun(TestRunner.java:794)org.testng.TestRunner.run(TestRunner.java:596)org.testng.SuiteRunner.runTest(SuiteRunner.java:377)org.testng.SuiteRunner.runSequentially(SuiteRunner.java:371)org.testng.SuiteRunner.privateRun(SuiteRunner.java:332)org.testng.SuiteRunner.run(SuiteRunner.java:276)org.testng.SuiteRunnerWorker.runSuite(SuiteRunnerWorker.java:53)org.testng.SuiteRunnerWorker.run(SuiteRunnerWorker.java:96)org.testng.TestNG.runSuitesSequentially(TestNG.java:1212)org.testng.TestNG.runSuitesLocally(TestNG.java:1134)org.testng.TestNG.runSuites(TestNG.java:1063)org.testng.TestNG.run(TestNG.java:1031)org.testng.remote.AbstractRemoteTestNG.run(AbstractRemoteTestNG.java:115)org.testng.remote.RemoteTestNG.initAndRun(RemoteTestNG.java:251)org.testng.remote.RemoteTestNG.main(RemoteTestNG.java:77)
                    Caused by: java.lang.RuntimeException: NettyHttpHandler request execution error
                    org.openqa.selenium.remote.http.netty.NettyHttpHandler.makeCall(NettyHttpHandler.java:82)org.openqa.selenium.remote.http.AddSeleniumUserAgent.lambda$apply$0(AddSeleniumUserAgent.java:42)org.openqa.selenium.remote.http.Filter.lambda$andFinally$1(Filter.java:56)org.openqa.selenium.remote.http.netty.NettyHttpHandler.execute(NettyHttpHandler.java:51)org.openqa.selenium.remote.http.AddSeleniumUserAgent.lambda$apply$0(AddSeleniumUserAgent.java:42)org.openqa.selenium.remote.http.Filter.lambda$andFinally$1(Filter.java:56)org.openqa.selenium.remote.http.netty.NettyClient.execute(NettyClient.java:103)org.openqa.selenium.remote.tracing.TracedHttpClient.execute(TracedHttpClient.java:55)org.openqa.selenium.remote.ProtocolHandshake.createSession(ProtocolHandshake.java:102)org.openqa.selenium.remote.ProtocolHandshake.createSession(ProtocolHandshake.java:84)org.openqa.selenium.remote.ProtocolHandshake.createSession(ProtocolHandshake.java:62)org.openqa.selenium.remote.HttpCommandExecutor.execute(HttpCommandExecutor.java:159)org.openqa.selenium.remote.TracedCommandExecutor.execute(TracedCommandExecutor.java:39)org.openqa.selenium.remote.RemoteWebDriver.execute(RemoteWebDriver.java:620)org.openqa.selenium.remote.RemoteWebDriver.startSession(RemoteWebDriver.java:252)org.openqa.selenium.remote.RemoteWebDriver.<init>(RemoteWebDriver.java:174)org.openqa.selenium.remote.RemoteWebDriver.<init>(RemoteWebDriver.java:152)com.qa.orangeHRM.common.base.beforeMethod(base.java:72)sun.reflect.NativeMethodAccessorImpl.invoke0(Native Method)sun.reflect.NativeMethodAccessorImpl.invoke(Unknown Source)sun.reflect.DelegatingMethodAccessorImpl.invoke(Unknown Source)java.lang.reflect.Method.invoke(Unknown Source)org.testng.internal.MethodInvocationHelper.invokeMethod(MethodInvocationHelper.java:133)org.testng.internal.MethodInvocationHelper.invokeMethodConsideringTimeout(MethodInvocationHelper.java:62)org.testng.internal.ConfigInvoker.invokeConfigurationMethod(ConfigInvoker.java:385)org.testng.internal.ConfigInvoker.invokeConfigurations(ConfigInvoker.java:321)org.testng.internal.TestInvoker.runConfigMethods(TestInvoker.java:700)org.testng.internal.TestInvoker.invokeMethod(TestInvoker.java:527)org.testng.internal.TestInvoker.invokeTestMethod(TestInvoker.java:173)org.testng.internal.MethodRunner.runInSequence(MethodRunner.java:46)org.testng.internal.TestInvoker$MethodInvocationAgent.invoke(TestInvoker.java:824)org.testng.internal.TestInvoker.invokeTestMethods(TestInvoker.java:146)org.testng.internal.TestMethodWorker.invokeTestMethods(TestMethodWorker.java:146)org.testng.internal.TestMethodWorker.run(TestMethodWorker.java:128)java.util.ArrayList.forEach(Unknown Source)org.testng.TestRunner.privateRun(TestRunner.java:794)org.testng.TestRunner.run(TestRunner.java:596)org.testng.SuiteRunner.runTest(SuiteRunner.java:377)org.testng.SuiteRunner.runSequentially(SuiteRunner.java:371)org.testng.SuiteRunner.privateRun(SuiteRunner.java:332)org.testng.SuiteRunner.run(SuiteRunner.java:276)org.testng.SuiteRunnerWorker.runSuite(SuiteRunnerWorker.java:53)org.testng.SuiteRunnerWorker.run(SuiteRunnerWorker.java:96)org.testng.TestNG.runSuitesSequentially(TestNG.java:1212)org.testng.TestNG.runSuitesLocally(TestNG.java:1134)org.testng.TestNG.runSuites(TestNG.java:1063)org.testng.TestNG.run(TestNG.java:1031)org.testng.remote.AbstractRemoteTestNG.run(AbstractRemoteTestNG.java:115)org.testng.remote.RemoteTestNG.initAndRun(RemoteTestNG.java:251)org.testng.remote.RemoteTestNG.main(RemoteTestNG.java:77)
                                    Caused by: java.util.concurrent.ExecutionException: java.util.concurrent.TimeoutException: Request timeout to 192.168.1.21/192.168.1.21:4444 after 180000 ms
                    java.util.concurrent.CompletableFuture.reportGet(Unknown Source)java.util.concurrent.CompletableFuture.get(Unknown Source)org.asynchttpclient.netty.NettyResponseFuture.get(NettyResponseFuture.java:206)org.openqa.selenium.remote.http.netty.NettyHttpHandler.makeCall(NettyHttpHandler.java:65)org.openqa.selenium.remote.http.AddSeleniumUserAgent.lambda$apply$0(AddSeleniumUserAgent.java:42)org.openqa.selenium.remote.http.Filter.lambda$andFinally$1(Filter.java:56)org.openqa.selenium.remote.http.netty.NettyHttpHandler.execute(NettyHttpHandler.java:51)org.openqa.selenium.remote.http.AddSeleniumUserAgent.lambda$apply$0(AddSeleniumUserAgent.java:42)org.openqa.selenium.remote.http.Filter.lambda$andFinally$1(Filter.java:56)org.openqa.selenium.remote.http.netty.NettyClient.execute(NettyClient.java:103)org.openqa.selenium.remote.tracing.TracedHttpClient.execute(TracedHttpClient.java:55)org.openqa.selenium.remote.ProtocolHandshake.createSession(ProtocolHandshake.java:102)org.openqa.selenium.remote.ProtocolHandshake.createSession(ProtocolHandshake.java:84)org.openqa.selenium.remote.ProtocolHandshake.createSession(ProtocolHandshake.java:62)org.openqa.selenium.remote.HttpCommandExecutor.execute(HttpCommandExecutor.java:159)org.openqa.selenium.remote.TracedCommandExecutor.execute(TracedCommandExecutor.java:39)org.openqa.selenium.remote.RemoteWebDriver.execute(RemoteWebDriver.java:620)org.openqa.selenium.remote.RemoteWebDriver.startSession(RemoteWebDriver.java:252)org.openqa.selenium.remote.RemoteWebDriver.<init>(RemoteWebDriver.java:174)org.openqa.selenium.remote.RemoteWebDriver.<init>(RemoteWebDriver.java:152)com.qa.orangeHRM.common.base.beforeMethod(base.java:72)sun.reflect.NativeMethodAccessorImpl.invoke0(Native Method)sun.reflect.NativeMethodAccessorImpl.invoke(Unknown Source)sun.reflect.DelegatingMethodAccessorImpl.invoke(Unknown Source)java.lang.reflect.Method.invoke(Unknown Source)org.testng.internal.MethodInvocationHelper.invokeMethod(MethodInvocationHelper.java:133)org.testng.internal.MethodInvocationHelper.invokeMethodConsideringTimeout(MethodInvocationHelper.java:62)org.testng.internal.ConfigInvoker.invokeConfigurationMethod(ConfigInvoker.java:385)org.testng.internal.ConfigInvoker.invokeConfigurations(ConfigInvoker.java:321)org.testng.internal.TestInvoker.runConfigMethods(TestInvoker.java:700)org.testng.internal.TestInvoker.invokeMethod(TestInvoker.java:527)org.testng.internal.TestInvoker.invokeTestMethod(TestInvoker.java:173)org.testng.internal.MethodRunner.runInSequence(MethodRunner.java:46)org.testng.internal.TestInvoker$MethodInvocationAgent.invoke(TestInvoker.java:824)org.testng.internal.TestInvoker.invokeTestMethods(TestInvoker.java:146)org.testng.internal.TestMethodWorker.invokeTestMethods(TestMethodWorker.java:146)org.testng.internal.TestMethodWorker.run(TestMethodWorker.java:128)java.util.ArrayList.forEach(Unknown Source)org.testng.TestRunner.privateRun(TestRunner.java:794)org.testng.TestRunner.run(TestRunner.java:596)org.testng.SuiteRunner.runTest(SuiteRunner.java:377)org.testng.SuiteRunner.runSequentially(SuiteRunner.java:371)org.testng.SuiteRunner.privateRun(SuiteRunner.java:332)org.testng.SuiteRunner.run(SuiteRunner.java:276)org.testng.SuiteRunnerWorker.runSuite(SuiteRunnerWorker.java:53)org.testng.SuiteRunnerWorker.run(SuiteRunnerWorker.java:96)org.testng.TestNG.runSuitesSequentially(TestNG.java:1212)org.testng.TestNG.runSuitesLocally(TestNG.java:1134)org.testng.TestNG.runSuites(TestNG.java:1063)org.testng.TestNG.run(TestNG.java:1031)org.testng.remote.AbstractRemoteTestNG.run(AbstractRemoteTestNG.java:115)org.testng.remote.RemoteTestNG.initAndRun(RemoteTestNG.java:251)org.testng.remote.RemoteTestNG.main(RemoteTestNG.java:77)
                                    Caused by: java.util.concurrent.TimeoutException: Request timeout to 192.168.1.21/192.168.1.21:4444 after 180000 ms
                    org.asynchttpclient.netty.timeout.TimeoutTimerTask.expire(TimeoutTimerTask.java:43)org.asynchttpclient.netty.timeout.RequestTimeoutTimerTask.run(RequestTimeoutTimerTask.java:50)io.netty.util.HashedWheelTimer$HashedWheelTimeout.expire(HashedWheelTimer.java:672)io.netty.util.HashedWheelTimer$HashedWheelBucket.expireTimeouts(HashedWheelTimer.java:747)io.netty.util.HashedWheelTimer$Worker.run(HashedWheelTimer.java:472)io.netty.util.concurrent.FastThreadLocalRunnable.run(FastThreadLocalRunnable.java:30)java.lang.Thread.run(Unknown Source)
                ]]>
            </failure>
    </testcase>

            <testcase
                name="afterClass"
                time="0.0"
                classname="com.qa.orangeHRM.testcases.LoginTest">
            </testcase>
            <testcase
                name="afterMethod"
                time="0.0"
                classname="com.qa.orangeHRM.testcases.LoginTest">
            </testcase>
            <testcase
                name="VerifyLoginFunctionality"
                time="0.0"
                classname="com.qa.orangeHRM.testcases.LoginTest">
            </testcase>

</testsuite>
